

Started GET "/" for 127.0.0.1 at 2013-11-17 14:25:35 +0800
Processing by Rails::WelcomeController#index as HTML
  Rendered /home/johnson/.rbenv/versions/2.0.0-p247/lib/ruby/gems/2.0.0/gems/railties-4.0.1/lib/rails/templates/rails/welcome/index.html.erb (1.5ms)
Completed 200 OK in 28ms (Views: 7.0ms | ActiveRecord: 0.0ms)


Started GET "/" for 127.0.0.1 at 2013-11-17 14:29:22 +0800

ActiveRecord::PendingMigrationError (Migrations are pending; run 'bin/rake db:migrate RAILS_ENV=development' to resolve this issue.):
  activerecord (4.0.1) lib/active_record/migration.rb:379:in `check_pending!'
  activerecord (4.0.1) lib/active_record/migration.rb:366:in `call'
  actionpack (4.0.1) lib/action_dispatch/middleware/callbacks.rb:29:in `block in call'
  activesupport (4.0.1) lib/active_support/callbacks.rb:373:in `_run__195118705__call__callbacks'
  activesupport (4.0.1) lib/active_support/callbacks.rb:80:in `run_callbacks'
  actionpack (4.0.1) lib/action_dispatch/middleware/callbacks.rb:27:in `call'
  actionpack (4.0.1) lib/action_dispatch/middleware/reloader.rb:64:in `call'
  actionpack (4.0.1) lib/action_dispatch/middleware/remote_ip.rb:76:in `call'
  actionpack (4.0.1) lib/action_dispatch/middleware/debug_exceptions.rb:17:in `call'
  actionpack (4.0.1) lib/action_dispatch/middleware/show_exceptions.rb:30:in `call'
  railties (4.0.1) lib/rails/rack/logger.rb:38:in `call_app'
  railties (4.0.1) lib/rails/rack/logger.rb:20:in `block in call'
  activesupport (4.0.1) lib/active_support/tagged_logging.rb:67:in `block in tagged'
  activesupport (4.0.1) lib/active_support/tagged_logging.rb:25:in `tagged'
  activesupport (4.0.1) lib/active_support/tagged_logging.rb:67:in `tagged'
  railties (4.0.1) lib/rails/rack/logger.rb:20:in `call'
  actionpack (4.0.1) lib/action_dispatch/middleware/request_id.rb:21:in `call'
  rack (1.5.2) lib/rack/methodoverride.rb:21:in `call'
  rack (1.5.2) lib/rack/runtime.rb:17:in `call'
  activesupport (4.0.1) lib/active_support/cache/strategy/local_cache.rb:83:in `call'
  rack (1.5.2) lib/rack/lock.rb:17:in `call'
  actionpack (4.0.1) lib/action_dispatch/middleware/static.rb:64:in `call'
  rack (1.5.2) lib/rack/sendfile.rb:112:in `call'
  railties (4.0.1) lib/rails/engine.rb:511:in `call'
  railties (4.0.1) lib/rails/application.rb:97:in `call'
  rack (1.5.2) lib/rack/lock.rb:17:in `call'
  rack (1.5.2) lib/rack/content_length.rb:14:in `call'
  rack (1.5.2) lib/rack/handler/webrick.rb:60:in `service'
  /home/johnson/.rbenv/versions/2.0.0-p247/lib/ruby/2.0.0/webrick/httpserver.rb:138:in `service'
  /home/johnson/.rbenv/versions/2.0.0-p247/lib/ruby/2.0.0/webrick/httpserver.rb:94:in `run'
  /home/johnson/.rbenv/versions/2.0.0-p247/lib/ruby/2.0.0/webrick/server.rb:295:in `block in start_thread'


  Rendered /home/johnson/.rbenv/versions/2.0.0-p247/lib/ruby/gems/2.0.0/gems/actionpack-4.0.1/lib/action_dispatch/middleware/templates/rescues/_source.erb (0.7ms)
  Rendered /home/johnson/.rbenv/versions/2.0.0-p247/lib/ruby/gems/2.0.0/gems/actionpack-4.0.1/lib/action_dispatch/middleware/templates/rescues/_trace.erb (1.3ms)
  Rendered /home/johnson/.rbenv/versions/2.0.0-p247/lib/ruby/gems/2.0.0/gems/actionpack-4.0.1/lib/action_dispatch/middleware/templates/rescues/_request_and_response.erb (1.3ms)
  Rendered /home/johnson/.rbenv/versions/2.0.0-p247/lib/ruby/gems/2.0.0/gems/actionpack-4.0.1/lib/action_dispatch/middleware/templates/rescues/diagnostics.erb within rescues/layout (48.8ms)
  [1m[36m (116.9ms)[0m  [1mCREATE TABLE `schema_migrations` (`version` varchar(255) NOT NULL) ENGINE=InnoDB[0m
  [1m[35m (267.0ms)[0m  CREATE UNIQUE INDEX `unique_schema_migrations` ON `schema_migrations` (`version`) 
  [1m[36mActiveRecord::SchemaMigration Load (0.4ms)[0m  [1mSELECT `schema_migrations`.* FROM `schema_migrations`[0m
Migrating to CreateBlogs (20131117062619)
  [1m[35m (352.0ms)[0m  CREATE TABLE `blogs` (`id` int(11) DEFAULT NULL auto_increment PRIMARY KEY, `title` varchar(255), `content` text, `created_at` datetime, `updated_at` datetime) ENGINE=InnoDB
  [1m[36m (0.2ms)[0m  [1mBEGIN[0m
  [1m[35mSQL (0.4ms)[0m  INSERT INTO `schema_migrations` (`version`) VALUES ('20131117062619')
  [1m[36m (55.6ms)[0m  [1mCOMMIT[0m
  [1m[35mActiveRecord::SchemaMigration Load (0.3ms)[0m  SELECT `schema_migrations`.* FROM `schema_migrations`


Started GET "/" for 127.0.0.1 at 2013-11-17 14:30:14 +0800
  [1m[36mActiveRecord::SchemaMigration Load (0.2ms)[0m  [1mSELECT `schema_migrations`.* FROM `schema_migrations`[0m
Processing by BlogsController#index as HTML
  [1m[35mBlog Load (0.5ms)[0m  SELECT `blogs`.* FROM `blogs`
  Rendered blogs/index.html.erb within layouts/application (4.4ms)
Completed 200 OK in 498ms (Views: 446.0ms | ActiveRecord: 0.5ms)


Started GET "/assets/application.css?body=1" for 127.0.0.1 at 2013-11-17 14:30:15 +0800


Started GET "/assets/blogs.css?body=1" for 127.0.0.1 at 2013-11-17 14:30:15 +0800


Started GET "/assets/scaffolds.css?body=1" for 127.0.0.1 at 2013-11-17 14:30:15 +0800


Started GET "/assets/jquery.js?body=1" for 127.0.0.1 at 2013-11-17 14:30:15 +0800


Started GET "/assets/turbolinks.js?body=1" for 127.0.0.1 at 2013-11-17 14:30:15 +0800


Started GET "/assets/jquery_ujs.js?body=1" for 127.0.0.1 at 2013-11-17 14:30:15 +0800


Started GET "/assets/blogs.js?body=1" for 127.0.0.1 at 2013-11-17 14:30:15 +0800


Started GET "/assets/application.js?body=1" for 127.0.0.1 at 2013-11-17 14:30:15 +0800


Started GET "/" for 127.0.0.1 at 2013-11-17 20:34:15 +0800
  [1m[36mActiveRecord::SchemaMigration Load (0.4ms)[0m  [1mSELECT `schema_migrations`.* FROM `schema_migrations`[0m
Processing by BlogsController#index as HTML
  [1m[35mBlog Load (0.4ms)[0m  SELECT `blogs`.* FROM `blogs`
  Rendered blogs/index.html.erb within layouts/application (20.5ms)
Completed 200 OK in 262ms (Views: 212.9ms | ActiveRecord: 0.4ms)


Started GET "/assets/application.css?body=1" for 127.0.0.1 at 2013-11-17 20:34:16 +0800


Started GET "/assets/scaffolds.css?body=1" for 127.0.0.1 at 2013-11-17 20:34:16 +0800


Started GET "/assets/jquery_ujs.js?body=1" for 127.0.0.1 at 2013-11-17 20:34:16 +0800


Started GET "/assets/jquery.js?body=1" for 127.0.0.1 at 2013-11-17 20:34:16 +0800


Started GET "/assets/blogs.css?body=1" for 127.0.0.1 at 2013-11-17 20:34:16 +0800


Started GET "/assets/turbolinks.js?body=1" for 127.0.0.1 at 2013-11-17 20:34:16 +0800


Started GET "/assets/blogs.js?body=1" for 127.0.0.1 at 2013-11-17 20:34:16 +0800


Started GET "/assets/application.js?body=1" for 127.0.0.1 at 2013-11-17 20:34:16 +0800


Started GET "/blogs/new" for 127.0.0.1 at 2013-11-17 20:34:18 +0800
Processing by BlogsController#new as HTML
  Rendered blogs/_form.html.erb (84.6ms)
  Rendered blogs/new.html.erb within layouts/application (100.4ms)
Completed 200 OK in 146ms (Views: 142.1ms | ActiveRecord: 1.7ms)


Started POST "/blogs" for 127.0.0.1 at 2013-11-17 20:34:40 +0800
Processing by BlogsController#create as HTML
  Parameters: {"utf8"=>"âœ“", "authenticity_token"=>"s2W6hhHv6cpDE4hjVXWHRZiOEqdrjFkAjBCo/a1Lc/E=", "blog"=>{"title"=>"å¼ ç‘žå…°", "content"=>"hello å¼ ç‘žå…°ï¼"}, "commit"=>"Create Blog"}
  [1m[36m (0.2ms)[0m  [1mBEGIN[0m
  [1m[35mSQL (0.8ms)[0m  INSERT INTO `blogs` (`content`, `created_at`, `title`, `updated_at`) VALUES ('hello å¼ ç‘žå…°ï¼', '2013-11-17 12:34:40', 'å¼ ç‘žå…°', '2013-11-17 12:34:40')
Mysql2::Error: Incorrect string value: '\xE5\xBC\xA0\xE7\x91\x9E...' for column 'content' at row 1: INSERT INTO `blogs` (`content`, `created_at`, `title`, `updated_at`) VALUES ('hello å¼ ç‘žå…°ï¼', '2013-11-17 12:34:40', 'å¼ ç‘žå…°', '2013-11-17 12:34:40')
  [1m[36m (0.2ms)[0m  [1mROLLBACK[0m
Completed 500 Internal Server Error in 92ms

ActiveRecord::StatementInvalid (Mysql2::Error: Incorrect string value: '\xE5\xBC\xA0\xE7\x91\x9E...' for column 'content' at row 1: INSERT INTO `blogs` (`content`, `created_at`, `title`, `updated_at`) VALUES ('hello å¼ ç‘žå…°ï¼', '2013-11-17 12:34:40', 'å¼ ç‘žå…°', '2013-11-17 12:34:40')):
  app/controllers/blogs_controller.rb:30:in `block in create'
  app/controllers/blogs_controller.rb:29:in `create'


  Rendered /home/johnson/.rbenv/versions/2.0.0-p247/lib/ruby/gems/2.0.0/gems/actionpack-4.0.1/lib/action_dispatch/middleware/templates/rescues/_source.erb (0.8ms)
  Rendered /home/johnson/.rbenv/versions/2.0.0-p247/lib/ruby/gems/2.0.0/gems/actionpack-4.0.1/lib/action_dispatch/middleware/templates/rescues/_trace.erb (1.6ms)
  Rendered /home/johnson/.rbenv/versions/2.0.0-p247/lib/ruby/gems/2.0.0/gems/actionpack-4.0.1/lib/action_dispatch/middleware/templates/rescues/_request_and_response.erb (1.3ms)
  Rendered /home/johnson/.rbenv/versions/2.0.0-p247/lib/ruby/gems/2.0.0/gems/actionpack-4.0.1/lib/action_dispatch/middleware/templates/rescues/diagnostics.erb within rescues/layout (36.3ms)


Started POST "/blogs" for 127.0.0.1 at 2013-11-17 20:36:37 +0800
Processing by BlogsController#create as HTML
  Parameters: {"utf8"=>"âœ“", "authenticity_token"=>"s2W6hhHv6cpDE4hjVXWHRZiOEqdrjFkAjBCo/a1Lc/E=", "blog"=>{"title"=>"test", "content"=>"hello å¼ !"}, "commit"=>"Create Blog"}
  [1m[35m (0.1ms)[0m  BEGIN
  [1m[36mSQL (0.4ms)[0m  [1mINSERT INTO `blogs` (`content`, `created_at`, `title`, `updated_at`) VALUES ('hello å¼ !', '2013-11-17 12:36:37', 'test', '2013-11-17 12:36:37')[0m
Mysql2::Error: Incorrect string value: '\xE5\xBC\xA0!' for column 'content' at row 1: INSERT INTO `blogs` (`content`, `created_at`, `title`, `updated_at`) VALUES ('hello å¼ !', '2013-11-17 12:36:37', 'test', '2013-11-17 12:36:37')
  [1m[35m (0.2ms)[0m  ROLLBACK
Completed 500 Internal Server Error in 3ms

ActiveRecord::StatementInvalid (Mysql2::Error: Incorrect string value: '\xE5\xBC\xA0!' for column 'content' at row 1: INSERT INTO `blogs` (`content`, `created_at`, `title`, `updated_at`) VALUES ('hello å¼ !', '2013-11-17 12:36:37', 'test', '2013-11-17 12:36:37')):
  app/controllers/blogs_controller.rb:30:in `block in create'
  app/controllers/blogs_controller.rb:29:in `create'


  Rendered /home/johnson/.rbenv/versions/2.0.0-p247/lib/ruby/gems/2.0.0/gems/actionpack-4.0.1/lib/action_dispatch/middleware/templates/rescues/_source.erb (0.9ms)
  Rendered /home/johnson/.rbenv/versions/2.0.0-p247/lib/ruby/gems/2.0.0/gems/actionpack-4.0.1/lib/action_dispatch/middleware/templates/rescues/_trace.erb (1.5ms)
  Rendered /home/johnson/.rbenv/versions/2.0.0-p247/lib/ruby/gems/2.0.0/gems/actionpack-4.0.1/lib/action_dispatch/middleware/templates/rescues/_request_and_response.erb (1.2ms)
  Rendered /home/johnson/.rbenv/versions/2.0.0-p247/lib/ruby/gems/2.0.0/gems/actionpack-4.0.1/lib/action_dispatch/middleware/templates/rescues/diagnostics.erb within rescues/layout (19.0ms)


Started POST "/blogs" for 127.0.0.1 at 2013-11-17 20:36:47 +0800
Processing by BlogsController#create as HTML
  Parameters: {"utf8"=>"âœ“", "authenticity_token"=>"s2W6hhHv6cpDE4hjVXWHRZiOEqdrjFkAjBCo/a1Lc/E=", "blog"=>{"title"=>"test", "content"=>"hello test!"}, "commit"=>"Create Blog"}
  [1m[36m (0.1ms)[0m  [1mBEGIN[0m
  [1m[35mSQL (0.3ms)[0m  INSERT INTO `blogs` (`content`, `created_at`, `title`, `updated_at`) VALUES ('hello test!', '2013-11-17 12:36:47', 'test', '2013-11-17 12:36:47')
  [1m[36m (122.0ms)[0m  [1mCOMMIT[0m
Redirected to http://localhost:3000/blogs/1
Completed 302 Found in 127ms (ActiveRecord: 122.4ms)


Started GET "/blogs/1" for 127.0.0.1 at 2013-11-17 20:36:47 +0800
Processing by BlogsController#show as HTML
  Parameters: {"id"=>"1"}
  [1m[35mBlog Load (0.6ms)[0m  SELECT `blogs`.* FROM `blogs` WHERE `blogs`.`id` = 1 LIMIT 1
  Rendered blogs/show.html.erb within layouts/application (1.1ms)
Completed 200 OK in 34ms (Views: 29.9ms | ActiveRecord: 0.6ms)


Started GET "/assets/application.css?body=1" for 127.0.0.1 at 2013-11-17 20:36:47 +0800


Started GET "/assets/blogs.css?body=1" for 127.0.0.1 at 2013-11-17 20:36:47 +0800


Started GET "/assets/scaffolds.css?body=1" for 127.0.0.1 at 2013-11-17 20:36:47 +0800


Started GET "/assets/jquery.js?body=1" for 127.0.0.1 at 2013-11-17 20:36:47 +0800


Started GET "/assets/jquery_ujs.js?body=1" for 127.0.0.1 at 2013-11-17 20:36:47 +0800


Started GET "/assets/blogs.js?body=1" for 127.0.0.1 at 2013-11-17 20:36:47 +0800


Started GET "/assets/application.js?body=1" for 127.0.0.1 at 2013-11-17 20:36:47 +0800


Started GET "/assets/turbolinks.js?body=1" for 127.0.0.1 at 2013-11-17 20:36:47 +0800


Started GET "/blogs" for 127.0.0.1 at 2013-11-17 20:36:49 +0800
Processing by BlogsController#index as HTML
  [1m[36mBlog Load (0.4ms)[0m  [1mSELECT `blogs`.* FROM `blogs`[0m
  Rendered blogs/index.html.erb within layouts/application (4.1ms)
Completed 200 OK in 12ms (Views: 10.2ms | ActiveRecord: 0.4ms)


Started GET "/blogs/new" for 127.0.0.1 at 2013-11-17 20:36:58 +0800
Processing by BlogsController#new as HTML
  Rendered blogs/_form.html.erb (3.4ms)
  Rendered blogs/new.html.erb within layouts/application (4.6ms)
Completed 200 OK in 11ms (Views: 9.7ms | ActiveRecord: 0.0ms)


Started POST "/blogs" for 127.0.0.1 at 2013-11-17 20:37:13 +0800
Processing by BlogsController#create as HTML
  Parameters: {"utf8"=>"âœ“", "authenticity_token"=>"s2W6hhHv6cpDE4hjVXWHRZiOEqdrjFkAjBCo/a1Lc/E=", "blog"=>{"title"=>"å¼ ", "content"=>"å¼ "}, "commit"=>"Create Blog"}
  [1m[35m (0.2ms)[0m  BEGIN
  [1m[36mSQL (0.6ms)[0m  [1mINSERT INTO `blogs` (`content`, `created_at`, `title`, `updated_at`) VALUES ('å¼ ', '2013-11-17 12:37:13', 'å¼ ', '2013-11-17 12:37:13')[0m
Mysql2::Error: Incorrect string value: '\xE5\xBC\xA0' for column 'content' at row 1: INSERT INTO `blogs` (`content`, `created_at`, `title`, `updated_at`) VALUES ('å¼ ', '2013-11-17 12:37:13', 'å¼ ', '2013-11-17 12:37:13')
  [1m[35m (0.1ms)[0m  ROLLBACK
Completed 500 Internal Server Error in 4ms

ActiveRecord::StatementInvalid (Mysql2::Error: Incorrect string value: '\xE5\xBC\xA0' for column 'content' at row 1: INSERT INTO `blogs` (`content`, `created_at`, `title`, `updated_at`) VALUES ('å¼ ', '2013-11-17 12:37:13', 'å¼ ', '2013-11-17 12:37:13')):
  app/controllers/blogs_controller.rb:30:in `block in create'
  app/controllers/blogs_controller.rb:29:in `create'


  Rendered /home/johnson/.rbenv/versions/2.0.0-p247/lib/ruby/gems/2.0.0/gems/actionpack-4.0.1/lib/action_dispatch/middleware/templates/rescues/_source.erb (1.4ms)
  Rendered /home/johnson/.rbenv/versions/2.0.0-p247/lib/ruby/gems/2.0.0/gems/actionpack-4.0.1/lib/action_dispatch/middleware/templates/rescues/_trace.erb (1.7ms)
  Rendered /home/johnson/.rbenv/versions/2.0.0-p247/lib/ruby/gems/2.0.0/gems/actionpack-4.0.1/lib/action_dispatch/middleware/templates/rescues/_request_and_response.erb (1.1ms)
  Rendered /home/johnson/.rbenv/versions/2.0.0-p247/lib/ruby/gems/2.0.0/gems/actionpack-4.0.1/lib/action_dispatch/middleware/templates/rescues/diagnostics.erb within rescues/layout (22.3ms)


Started GET "/blogs/new" for 127.0.0.1 at 2013-11-17 20:46:09 +0800
  [1m[36mActiveRecord::SchemaMigration Load (0.3ms)[0m  [1mSELECT `schema_migrations`.* FROM `schema_migrations`[0m
Processing by BlogsController#new as HTML
  Rendered blogs/_form.html.erb (15.8ms)
  Rendered blogs/new.html.erb within layouts/application (19.4ms)
Completed 200 OK in 123ms (Views: 75.2ms | ActiveRecord: 1.5ms)


Started GET "/assets/application.css?body=1" for 127.0.0.1 at 2013-11-17 20:46:09 +0800


Started GET "/assets/blogs.css?body=1" for 127.0.0.1 at 2013-11-17 20:46:09 +0800


Started GET "/assets/scaffolds.css?body=1" for 127.0.0.1 at 2013-11-17 20:46:09 +0800


Started GET "/assets/jquery_ujs.js?body=1" for 127.0.0.1 at 2013-11-17 20:46:09 +0800


Started GET "/assets/jquery.js?body=1" for 127.0.0.1 at 2013-11-17 20:46:09 +0800


Started GET "/assets/turbolinks.js?body=1" for 127.0.0.1 at 2013-11-17 20:46:09 +0800


Started GET "/assets/blogs.js?body=1" for 127.0.0.1 at 2013-11-17 20:46:09 +0800


Started GET "/assets/application.js?body=1" for 127.0.0.1 at 2013-11-17 20:46:09 +0800


Started GET "/blogs" for 127.0.0.1 at 2013-11-17 20:46:11 +0800
Processing by BlogsController#index as HTML
  [1m[35mBlog Load (0.4ms)[0m  SELECT `blogs`.* FROM `blogs`
  Rendered blogs/index.html.erb within layouts/application (3.0ms)
Completed 200 OK in 8ms (Views: 7.0ms | ActiveRecord: 0.4ms)


Started GET "/blogs" for 127.0.0.1 at 2013-11-17 20:46:13 +0800
Processing by BlogsController#index as HTML
  [1m[36mBlog Load (0.3ms)[0m  [1mSELECT `blogs`.* FROM `blogs`[0m
  Rendered blogs/index.html.erb within layouts/application (5.1ms)
Completed 200 OK in 15ms (Views: 13.2ms | ActiveRecord: 0.3ms)


Started GET "/assets/application.css?body=1" for 127.0.0.1 at 2013-11-17 20:46:13 +0800


Started GET "/assets/scaffolds.css?body=1" for 127.0.0.1 at 2013-11-17 20:46:13 +0800


Started GET "/assets/jquery.js?body=1" for 127.0.0.1 at 2013-11-17 20:46:14 +0800


Started GET "/assets/blogs.js?body=1" for 127.0.0.1 at 2013-11-17 20:46:14 +0800


Started GET "/assets/turbolinks.js?body=1" for 127.0.0.1 at 2013-11-17 20:46:14 +0800


Started GET "/assets/blogs.css?body=1" for 127.0.0.1 at 2013-11-17 20:46:14 +0800


Started GET "/assets/jquery_ujs.js?body=1" for 127.0.0.1 at 2013-11-17 20:46:14 +0800


Started GET "/assets/application.js?body=1" for 127.0.0.1 at 2013-11-17 20:46:14 +0800


Started GET "/blogs/new" for 127.0.0.1 at 2013-11-17 20:46:15 +0800
Processing by BlogsController#new as HTML
  Rendered blogs/_form.html.erb (6.3ms)
  Rendered blogs/new.html.erb within layouts/application (8.6ms)
Completed 200 OK in 17ms (Views: 15.9ms | ActiveRecord: 0.0ms)


Started POST "/blogs" for 127.0.0.1 at 2013-11-17 20:46:30 +0800
Processing by BlogsController#create as HTML
  Parameters: {"utf8"=>"âœ“", "authenticity_token"=>"s2W6hhHv6cpDE4hjVXWHRZiOEqdrjFkAjBCo/a1Lc/E=", "blog"=>{"title"=>"å¼ ç‘žå…°", "content"=>"hello å¼ ç‘žå…°ï¼"}, "commit"=>"Create Blog"}
  [1m[35m (0.1ms)[0m  BEGIN
  [1m[36mSQL (0.4ms)[0m  [1mINSERT INTO `blogs` (`content`, `created_at`, `title`, `updated_at`) VALUES ('hello å¼ ç‘žå…°ï¼', '2013-11-17 12:46:30', 'å¼ ç‘žå…°', '2013-11-17 12:46:30')[0m
  [1m[35m (94.3ms)[0m  COMMIT
Redirected to http://localhost:3000/blogs/2
Completed 302 Found in 131ms (ActiveRecord: 94.9ms)


Started GET "/blogs/2" for 127.0.0.1 at 2013-11-17 20:46:30 +0800
Processing by BlogsController#show as HTML
  Parameters: {"id"=>"2"}
  [1m[36mBlog Load (0.5ms)[0m  [1mSELECT `blogs`.* FROM `blogs` WHERE `blogs`.`id` = 2 LIMIT 1[0m
  Rendered blogs/show.html.erb within layouts/application (1.1ms)
Completed 200 OK in 8ms (Views: 5.2ms | ActiveRecord: 0.5ms)


Started GET "/assets/blogs.css?body=1" for 127.0.0.1 at 2013-11-17 20:46:30 +0800


Started GET "/assets/jquery.js?body=1" for 127.0.0.1 at 2013-11-17 20:46:30 +0800


Started GET "/assets/scaffolds.css?body=1" for 127.0.0.1 at 2013-11-17 20:46:30 +0800


Started GET "/assets/turbolinks.js?body=1" for 127.0.0.1 at 2013-11-17 20:46:30 +0800


Started GET "/assets/jquery_ujs.js?body=1" for 127.0.0.1 at 2013-11-17 20:46:30 +0800


Started GET "/assets/application.css?body=1" for 127.0.0.1 at 2013-11-17 20:46:30 +0800


Started GET "/assets/blogs.js?body=1" for 127.0.0.1 at 2013-11-17 20:46:30 +0800


Started GET "/assets/application.js?body=1" for 127.0.0.1 at 2013-11-17 20:46:30 +0800


Started GET "/blogs" for 127.0.0.1 at 2013-11-17 20:46:32 +0800
Processing by BlogsController#index as HTML
  [1m[35mBlog Load (0.3ms)[0m  SELECT `blogs`.* FROM `blogs`
  Rendered blogs/index.html.erb within layouts/application (4.1ms)
Completed 200 OK in 11ms (Views: 10.2ms | ActiveRecord: 0.3ms)


Started GET "/" for 127.0.0.1 at 2013-11-21 15:31:05 +0800
  [1m[36mActiveRecord::SchemaMigration Load (0.2ms)[0m  [1mSELECT `schema_migrations`.* FROM `schema_migrations`[0m
Processing by WelcomeController#index as HTML
  Rendered welcome/index.html.erb within layouts/application (19.1ms)
Completed 200 OK in 864ms (Views: 806.7ms | ActiveRecord: 0.0ms)


Started GET "/assets/application.css?body=1" for 127.0.0.1 at 2013-11-21 15:31:06 +0800


Started GET "/assets/blogs.css?body=1" for 127.0.0.1 at 2013-11-21 15:31:06 +0800


Started GET "/assets/welcome.css?body=1" for 127.0.0.1 at 2013-11-21 15:31:06 +0800


Started GET "/assets/jquery.js?body=1" for 127.0.0.1 at 2013-11-21 15:31:06 +0800


Started GET "/assets/jquery_ujs.js?body=1" for 127.0.0.1 at 2013-11-21 15:31:06 +0800


Started GET "/assets/turbolinks.js?body=1" for 127.0.0.1 at 2013-11-21 15:31:06 +0800


Started GET "/assets/blogs.js?body=1" for 127.0.0.1 at 2013-11-21 15:31:06 +0800


Started GET "/assets/welcome.js?body=1" for 127.0.0.1 at 2013-11-21 15:31:06 +0800


Started GET "/assets/application.js?body=1" for 127.0.0.1 at 2013-11-21 15:31:06 +0800


Started GET "/sticky-footer-navbar.css" for 127.0.0.1 at 2013-11-21 15:31:06 +0800

ActionController::RoutingError (No route matches [GET] "/sticky-footer-navbar.css"):
  actionpack (4.0.1) lib/action_dispatch/middleware/debug_exceptions.rb:21:in `call'
  actionpack (4.0.1) lib/action_dispatch/middleware/show_exceptions.rb:30:in `call'
  railties (4.0.1) lib/rails/rack/logger.rb:38:in `call_app'
  railties (4.0.1) lib/rails/rack/logger.rb:20:in `block in call'
  activesupport (4.0.1) lib/active_support/tagged_logging.rb:67:in `block in tagged'
  activesupport (4.0.1) lib/active_support/tagged_logging.rb:25:in `tagged'
  activesupport (4.0.1) lib/active_support/tagged_logging.rb:67:in `tagged'
  railties (4.0.1) lib/rails/rack/logger.rb:20:in `call'
  actionpack (4.0.1) lib/action_dispatch/middleware/request_id.rb:21:in `call'
  rack (1.5.2) lib/rack/methodoverride.rb:21:in `call'
  rack (1.5.2) lib/rack/runtime.rb:17:in `call'
  activesupport (4.0.1) lib/active_support/cache/strategy/local_cache.rb:83:in `call'
  rack (1.5.2) lib/rack/lock.rb:17:in `call'
  actionpack (4.0.1) lib/action_dispatch/middleware/static.rb:64:in `call'
  rack (1.5.2) lib/rack/sendfile.rb:112:in `call'
  railties (4.0.1) lib/rails/engine.rb:511:in `call'
  railties (4.0.1) lib/rails/application.rb:97:in `call'
  rack (1.5.2) lib/rack/lock.rb:17:in `call'
  rack (1.5.2) lib/rack/content_length.rb:14:in `call'
  rack (1.5.2) lib/rack/handler/webrick.rb:60:in `service'
  /home/johnson/.rbenv/versions/2.0.0-p247/lib/ruby/2.0.0/webrick/httpserver.rb:138:in `service'
  /home/johnson/.rbenv/versions/2.0.0-p247/lib/ruby/2.0.0/webrick/httpserver.rb:94:in `run'
  /home/johnson/.rbenv/versions/2.0.0-p247/lib/ruby/2.0.0/webrick/server.rb:295:in `block in start_thread'


  Rendered /home/johnson/.rbenv/versions/2.0.0-p247/lib/ruby/gems/2.0.0/gems/actionpack-4.0.1/lib/action_dispatch/middleware/templates/rescues/_trace.erb (1.1ms)
  Rendered /home/johnson/.rbenv/versions/2.0.0-p247/lib/ruby/gems/2.0.0/gems/actionpack-4.0.1/lib/action_dispatch/middleware/templates/routes/_route.html.erb (1.7ms)
  Rendered /home/johnson/.rbenv/versions/2.0.0-p247/lib/ruby/gems/2.0.0/gems/actionpack-4.0.1/lib/action_dispatch/middleware/templates/routes/_table.html.erb (31.0ms)
  Rendered /home/johnson/.rbenv/versions/2.0.0-p247/lib/ruby/gems/2.0.0/gems/actionpack-4.0.1/lib/action_dispatch/middleware/templates/rescues/routing_error.erb within rescues/layout (87.7ms)


Started GET "/docs-assets/ico/favicon.png" for 127.0.0.1 at 2013-11-21 15:31:07 +0800

ActionController::RoutingError (No route matches [GET] "/docs-assets/ico/favicon.png"):
  actionpack (4.0.1) lib/action_dispatch/middleware/debug_exceptions.rb:21:in `call'
  actionpack (4.0.1) lib/action_dispatch/middleware/show_exceptions.rb:30:in `call'
  railties (4.0.1) lib/rails/rack/logger.rb:38:in `call_app'
  railties (4.0.1) lib/rails/rack/logger.rb:20:in `block in call'
  activesupport (4.0.1) lib/active_support/tagged_logging.rb:67:in `block in tagged'
  activesupport (4.0.1) lib/active_support/tagged_logging.rb:25:in `tagged'
  activesupport (4.0.1) lib/active_support/tagged_logging.rb:67:in `tagged'
  railties (4.0.1) lib/rails/rack/logger.rb:20:in `call'
  actionpack (4.0.1) lib/action_dispatch/middleware/request_id.rb:21:in `call'
  rack (1.5.2) lib/rack/methodoverride.rb:21:in `call'
  rack (1.5.2) lib/rack/runtime.rb:17:in `call'
  activesupport (4.0.1) lib/active_support/cache/strategy/local_cache.rb:83:in `call'
  rack (1.5.2) lib/rack/lock.rb:17:in `call'
  actionpack (4.0.1) lib/action_dispatch/middleware/static.rb:64:in `call'
  rack (1.5.2) lib/rack/sendfile.rb:112:in `call'
  railties (4.0.1) lib/rails/engine.rb:511:in `call'
  railties (4.0.1) lib/rails/application.rb:97:in `call'
  rack (1.5.2) lib/rack/lock.rb:17:in `call'
  rack (1.5.2) lib/rack/content_length.rb:14:in `call'
  rack (1.5.2) lib/rack/handler/webrick.rb:60:in `service'
  /home/johnson/.rbenv/versions/2.0.0-p247/lib/ruby/2.0.0/webrick/httpserver.rb:138:in `service'
  /home/johnson/.rbenv/versions/2.0.0-p247/lib/ruby/2.0.0/webrick/httpserver.rb:94:in `run'
  /home/johnson/.rbenv/versions/2.0.0-p247/lib/ruby/2.0.0/webrick/server.rb:295:in `block in start_thread'


  Rendered /home/johnson/.rbenv/versions/2.0.0-p247/lib/ruby/gems/2.0.0/gems/actionpack-4.0.1/lib/action_dispatch/middleware/templates/rescues/_trace.erb (1.3ms)
  Rendered /home/johnson/.rbenv/versions/2.0.0-p247/lib/ruby/gems/2.0.0/gems/actionpack-4.0.1/lib/action_dispatch/middleware/templates/routes/_route.html.erb (1.7ms)
  Rendered /home/johnson/.rbenv/versions/2.0.0-p247/lib/ruby/gems/2.0.0/gems/actionpack-4.0.1/lib/action_dispatch/middleware/templates/routes/_table.html.erb (1.3ms)
  Rendered /home/johnson/.rbenv/versions/2.0.0-p247/lib/ruby/gems/2.0.0/gems/actionpack-4.0.1/lib/action_dispatch/middleware/templates/rescues/routing_error.erb within rescues/layout (24.1ms)
